#
# A fatal error has been detected by the Java Runtime Environment:
#
#  SIGSEGV (0xb) at pc=0xb6b22718, pid=16213, tid=1781197632
#
# JRE version: OpenJDK Runtime Environment (7.0_75-b13) (build 1.7.0_75-b13)
# Java VM: OpenJDK Server VM (24.75-b04 mixed mode linux-x86 )
# Derivative: IcedTea 2.5.4
# Distribution: Ubuntu 14.04 LTS, package 7u75-2.5.4-1~trusty1
# Problematic frame:
# V  [libjvm.so+0x4b4718]  java_lang_String::utf8_length(oopDesc*)+0x58
#
# Failed to write core dump. Core dumps have been disabled. To enable core dumping, try "ulimit -c unlimited" before starting Java again
#
# If you would like to submit a bug report, please include
# instructions on how to reproduce the bug and visit:
#   http://icedtea.classpath.org/bugzilla
#

---------------  T H R E A D  ---------------

Current thread (0x6a5a7800):  JavaThread "JDWP Transport Listener: dt_socket" daemon [_thread_in_vm, id=16230, stack(0x6a25e000,0x6a2af000)]

siginfo:si_signo=SIGSEGV: si_errno=0, si_code=1 (SEGV_MAPERR), si_addr=0x00000008

Registers:
EAX=0x9e977450, EBX=0xb70ae000, ECX=0x00000000, EDX=0x00000000
ESP=0x6a2adf40, EBP=0x6a2adfd8, ESI=0x00000000, EDI=0x6a303654
EIP=0xb6b22718, EFLAGS=0x00010246, CR2=0x00000008

Top of Stack: (sp=0x6a2adf40)
0x6a2adf40:   6a5a7800 00000000 6a2adf78 b648989f
0x6a2adf50:   b6b226c9 b70ae000 6a5a7800 b6b30f46
0x6a2adf60:   9e977450 00000001 b648982b b649e000
0x6a2adf70:   6a303654 6a2ae02c 6a2adfa8 9e977450
0x6a2adf80:   6a5a7800 00000000 6a2adfb8 00000000
0x6a2adf90:   00000190 6d1008a0 b6488c5b b649e000
0x6a2adfa0:   6a5a7928 6a303654 6a2adfd8 b646820c
0x6a2adfb0:   6a5a7928 6a303654 00000000 b647d96c 

Instructions: (pc=0xb6b22718)
0xb6b226f8:   10 8d 4c 4e 0c 31 c0 85 d2 0f 45 c1 89 54 24 04
0xb6b22708:   89 04 24 e8 50 3a 33 00 83 c4 14 5b 5e c3 66 90
0xb6b22718:   8b 56 08 eb dc 90 66 90 56 31 c9 53 e8 47 5c c0
0xb6b22728:   ff 81 c3 d7 b8 58 00 83 ec 14 8b 44 24 20 8b 93 

Register to memory mapping:

EAX=0x9e977450 is an oop
java.lang.String 
 - klass: 'java/lang/String'
EBX=0xb70ae000: <offset 0xa40000> in /usr/lib/jvm/java-7-openjdk-i386/jre/lib/i386/server/libjvm.so at 0xb666e000
ECX=0x00000000 is an unknown value
EDX=0x00000000 is an unknown value
ESP=0x6a2adf40 is pointing into the stack for thread: 0x6a5a7800
EBP=0x6a2adfd8 is pointing into the stack for thread: 0x6a5a7800
ESI=0x00000000 is an unknown value
EDI=0x6a303654 is a global jni handle


Stack: [0x6a25e000,0x6a2af000],  sp=0x6a2adf40,  free space=319k
Native frames: (J=compiled Java code, j=interpreted, Vv=VM code, C=native code)
V  [libjvm.so+0x4b4718]  java_lang_String::utf8_length(oopDesc*)+0x58
C  [libjdwp.so+0x12689]
C  [libjdwp.so+0x25aaf]
C  [libjdwp.so+0x25f4c]


---------------  P R O C E S S  ---------------

Java Threads: ( => current thread )
  0x6a5afc00 JavaThread "Service Thread" daemon [_thread_blocked, id=16239, stack(0x69f5c000,0x69fad000)]
  0x6a5adc00 JavaThread "C2 CompilerThread1" daemon [_thread_blocked, id=16238, stack(0x69fad000,0x6a02e000)]
  0x6a5abc00 JavaThread "C2 CompilerThread0" daemon [_thread_blocked, id=16237, stack(0x6a02e000,0x6a0af000)]
  0x6a300800 JavaThread "JDWP Command Reader" daemon [_thread_in_native, id=16234, stack(0x6a0af000,0x6a100000)]
  0x6a5aa000 JavaThread "JDWP Event Helper Thread" daemon [_thread_blocked, id=16232, stack(0x6a20d000,0x6a25e000)]
=>0x6a5a7800 JavaThread "JDWP Transport Listener: dt_socket" daemon [_thread_in_vm, id=16230, stack(0x6a25e000,0x6a2af000)]
  0x6a59f400 JavaThread "Signal Dispatcher" daemon [_thread_blocked, id=16228, stack(0x6a2af000,0x6a300000)]
  0x6a58cc00 JavaThread "Finalizer" daemon [_thread_blocked, id=16226, stack(0x6a42e000,0x6a47f000)]
  0x6a58b400 JavaThread "Reference Handler" daemon [_thread_blocked, id=16225, stack(0x6d02e000,0x6d07f000)]
  0xb6309000 JavaThread "main" [_thread_blocked, id=16219, stack(0xb64d1000,0xb6522000)]

Other Threads:
  0x6a588c00 VMThread [stack: 0x6a47f000,0x6a500000] [id=16224]
  0x6a5b1800 WatcherThread [stack: 0x69edb000,0x69f5c000] [id=16240]

VM state:not at safepoint (normal execution)

VM Mutex/Monitor currently owned by a thread: None

Heap
 PSYoungGen      total 18432K, used 952K [0x9e8c0000, 0x9fd40000, 0xb3040000)
  eden space 15872K, 6% used [0x9e8c0000,0x9e9ae250,0x9f840000)
  from space 2560K, 0% used [0x9fac0000,0x9fac0000,0x9fd40000)
  to   space 2560K, 0% used [0x9f840000,0x9f840000,0x9fac0000)
 ParOldGen       total 41728K, used 0K [0x75a40000, 0x78300000, 0x9e8c0000)
  object space 41728K, 0% used [0x75a40000,0x75a40000,0x78300000)
 PSPermGen       total 16384K, used 2208K [0x6da40000, 0x6ea40000, 0x75a40000)
  object space 16384K, 13% used [0x6da40000,0x6dc68220,0x6ea40000)

Card table byte_map: [0x6d814000,0x6da40000] byte_map_base: 0x6d4a6e00

Polling page: 0xb76d0000

Code Cache  [0xb3100000, 0xb3340000, 0xb6100000)
 total_blobs=107 nmethods=1 adapters=68 free_code_cache=48856Kb largest_free_block=50014208

Compilation events (2 events):
Event: 10.602 Thread 0x6a5abc00    1             java.util.Properties$LineReader::readLine (452 bytes)
Event: 10.619 Thread 0x6a5abc00 nmethod 1 0xb3148988 code [0xb3148ae0, 0xb3149290]

GC Heap History (0 events):
No events

Deoptimization events (0 events):
No events

Internal exceptions (6 events):
Event: 0.037 Thread 0xb6309000 Threw 0x9e8ce0e8 at /build/buildd/openjdk-7-7u75-2.5.4/build/openjdk/hotspot/src/share/vm/prims/jni.cpp:3995
Event: 0.132 Thread 0xb6309000 Threw 0x9e904580 at /build/buildd/openjdk-7-7u75-2.5.4/build/openjdk/hotspot/src/share/vm/prims/jni.cpp:721
Event: 0.133 Thread 0xb6309000 Threw 0x9e9046f0 at /build/buildd/openjdk-7-7u75-2.5.4/build/openjdk/hotspot/src/share/vm/prims/jvm.cpp:1284
Event: 0.133 Thread 0xb6309000 Threw 0x9e904808 at /build/buildd/openjdk-7-7u75-2.5.4/build/openjdk/hotspot/src/share/vm/prims/jvm.cpp:1284
Event: 0.133 Thread 0xb6309000 Threw 0x9e906310 at /build/buildd/openjdk-7-7u75-2.5.4/build/openjdk/hotspot/src/share/vm/prims/jvm.cpp:1284
Event: 0.149 Thread 0xb6309000 Threw 0x9e90f238 at /build/buildd/openjdk-7-7u75-2.5.4/build/openjdk/hotspot/src/share/vm/prims/jvm.cpp:1284

Events (10 events):
Event: 65.238 Executing VM operation: GetOrSetLocal
Event: 65.238 Executing VM operation: GetOrSetLocal done
Event: 65.255 Executing VM operation: EnterInterpOnlyMode
Event: 65.255 Executing VM operation: EnterInterpOnlyMode done
Event: 65.255 Executing VM operation: GetCurrentLocation
Event: 65.255 Executing VM operation: GetCurrentLocation done
Event: 65.255 Executing VM operation: ChangeSingleStep
Event: 65.255 Executing VM operation: ChangeSingleStep done
Event: 65.255 Executing VM operation: ChangeSingleStep
Event: 65.255 Executing VM operation: ChangeSingleStep done


Dynamic libraries:
08048000-08049000 r-xp 00000000 08:05 786756     /usr/lib/jvm/java-7-openjdk-i386/jre/bin/java
08049000-0804a000 r--p 00000000 08:05 786756     /usr/lib/jvm/java-7-openjdk-i386/jre/bin/java
0804a000-0804b000 rw-p 00001000 08:05 786756     /usr/lib/jvm/java-7-openjdk-i386/jre/bin/java
0981b000-0983c000 rw-p 00000000 00:00 0          [heap]
69862000-69a73000 rw-p 00000000 00:00 0 
69a73000-69b7d000 r-xp 00000000 08:05 12845743   /lib/i386-linux-gnu/libglib-2.0.so.0.4002.0
69b7d000-69b7e000 r--p 00109000 08:05 12845743   /lib/i386-linux-gnu/libglib-2.0.so.0.4002.0
69b7e000-69b7f000 rw-p 0010a000 08:05 12845743   /lib/i386-linux-gnu/libglib-2.0.so.0.4002.0
69b7f000-69cfc000 r-xp 00000000 08:05 265244     /usr/lib/i386-linux-gnu/libgio-2.0.so.0.4002.0
69cfc000-69cfe000 r--p 0017d000 08:05 265244     /usr/lib/i386-linux-gnu/libgio-2.0.so.0.4002.0
69cfe000-69cff000 rw-p 0017f000 08:05 265244     /usr/lib/i386-linux-gnu/libgio-2.0.so.0.4002.0
69cff000-69d00000 rw-p 00000000 00:00 0 
69d00000-69d3b000 rw-p 00000000 00:00 0 
69d3b000-69e00000 ---p 00000000 00:00 0 
69e4b000-69e87000 r-xp 00000000 08:05 12845121   /lib/i386-linux-gnu/libpcre.so.3.13.1
69e87000-69e88000 r--p 0003b000 08:05 12845121   /lib/i386-linux-gnu/libpcre.so.3.13.1
69e88000-69e89000 rw-p 0003c000 08:05 12845121   /lib/i386-linux-gnu/libpcre.so.3.13.1
69e89000-69ed9000 r-xp 00000000 08:05 265025     /usr/lib/i386-linux-gnu/libgobject-2.0.so.0.4002.0
69ed9000-69eda000 r--p 0004f000 08:05 265025     /usr/lib/i386-linux-gnu/libgobject-2.0.so.0.4002.0
69eda000-69edb000 rw-p 00050000 08:05 265025     /usr/lib/i386-linux-gnu/libgobject-2.0.so.0.4002.0
69edb000-69edc000 ---p 00000000 00:00 0 
69edc000-69f5c000 rw-p 00000000 00:00 0          [stack:16240]
69f5c000-69f5f000 ---p 00000000 00:00 0 
69f5f000-69fad000 rw-p 00000000 00:00 0          [stack:16239]
69fad000-69fb0000 ---p 00000000 00:00 0 
69fb0000-6a02e000 rw-p 00000000 00:00 0          [stack:16238]
6a02e000-6a031000 ---p 00000000 00:00 0 
6a031000-6a0af000 rw-p 00000000 00:00 0          [stack:16237]
6a0af000-6a0b2000 ---p 00000000 00:00 0 
6a0b2000-6a100000 rw-p 00000000 00:00 0          [stack:16234]
6a100000-6a121000 rw-p 00000000 00:00 0 
6a121000-6a200000 ---p 00000000 00:00 0 
6a20d000-6a210000 ---p 00000000 00:00 0 
6a210000-6a25e000 rw-p 00000000 00:00 0          [stack:16232]
6a25e000-6a261000 ---p 00000000 00:00 0 
6a261000-6a2af000 rw-p 00000000 00:00 0          [stack:16230]
6a2af000-6a2b2000 ---p 00000000 00:00 0 
6a2b2000-6a300000 rw-p 00000000 00:00 0          [stack:16228]
6a300000-6a321000 rw-p 00000000 00:00 0 
6a321000-6a400000 ---p 00000000 00:00 0 
6a42e000-6a431000 ---p 00000000 00:00 0 
6a431000-6a47f000 rw-p 00000000 00:00 0          [stack:16226]
6a47f000-6a480000 ---p 00000000 00:00 0 
6a480000-6a500000 rw-p 00000000 00:00 0          [stack:16224]
6a500000-6a5fc000 rw-p 00000000 00:00 0 
6a5fc000-6a600000 ---p 00000000 00:00 0 
6a631000-6a644000 r-xp 00000000 08:05 12845372   /lib/i386-linux-gnu/libresolv-2.19.so
6a644000-6a645000 ---p 00013000 08:05 12845372   /lib/i386-linux-gnu/libresolv-2.19.so
6a645000-6a646000 r--p 00013000 08:05 12845372   /lib/i386-linux-gnu/libresolv-2.19.so
6a646000-6a647000 rw-p 00014000 08:05 12845372   /lib/i386-linux-gnu/libresolv-2.19.so
6a647000-6a649000 rw-p 00000000 00:00 0 
6a649000-6a7fa000 r--s 01d23000 08:05 787452     /usr/lib/jvm/java-7-openjdk-i386/jre/lib/rt.jar
6a7fa000-6cf00000 rw-p 00000000 00:00 0 
6cf00000-6cf21000 rw-p 00000000 00:00 0 
6cf21000-6d000000 ---p 00000000 00:00 0 
6d004000-6d009000 r-xp 00000000 08:05 262335     /usr/lib/i386-linux-gnu/libffi.so.6.0.1
6d009000-6d00a000 r--p 00005000 08:05 262335     /usr/lib/i386-linux-gnu/libffi.so.6.0.1
6d00a000-6d00b000 rw-p 00006000 08:05 262335     /usr/lib/i386-linux-gnu/libffi.so.6.0.1
6d00b000-6d02b000 r-xp 00000000 08:05 12845867   /lib/i386-linux-gnu/libselinux.so.1
6d02b000-6d02c000 r--p 0001f000 08:05 12845867   /lib/i386-linux-gnu/libselinux.so.1
6d02c000-6d02d000 rw-p 00020000 08:05 12845867   /lib/i386-linux-gnu/libselinux.so.1
6d02d000-6d02e000 rw-p 00000000 00:00 0 
6d02e000-6d031000 ---p 00000000 00:00 0 
6d031000-6d07f000 rw-p 00000000 00:00 0          [stack:16225]
6d07f000-6d080000 ---p 00000000 00:00 0 
6d080000-6d100000 rw-p 00000000 00:00 0          [stack:16223]
6d100000-6d121000 rw-p 00000000 00:00 0 
6d121000-6d200000 ---p 00000000 00:00 0 
6d21d000-6d234000 r-xp 00000000 08:05 786922     /usr/lib/jvm/java-7-openjdk-i386/jre/lib/i386/libnet.so
6d234000-6d235000 r--p 00017000 08:05 786922     /usr/lib/jvm/java-7-openjdk-i386/jre/lib/i386/libnet.so
6d235000-6d236000 rw-p 00018000 08:05 786922     /usr/lib/jvm/java-7-openjdk-i386/jre/lib/i386/libnet.so
6d236000-6d27f000 rw-p 00000000 00:00 0 
6d27f000-6d280000 ---p 00000000 00:00 0 
6d280000-6d300000 rw-p 00000000 00:00 0          [stack:16222]
6d300000-6d3b5000 rw-p 00000000 00:00 0 
6d3b5000-6d400000 ---p 00000000 00:00 0 
6d404000-6d407000 r-xp 00000000 08:05 265664     /usr/lib/i386-linux-gnu/libgmodule-2.0.so.0.4002.0
6d407000-6d408000 r--p 00002000 08:05 265664     /usr/lib/i386-linux-gnu/libgmodule-2.0.so.0.4002.0
6d408000-6d409000 rw-p 00003000 08:05 265664     /usr/lib/i386-linux-gnu/libgmodule-2.0.so.0.4002.0
6d409000-6d47f000 rw-p 00000000 00:00 0 
6d47f000-6d480000 ---p 00000000 00:00 0 
6d480000-6d500000 rw-p 00000000 00:00 0          [stack:16221]
6d500000-6d521000 rw-p 00000000 00:00 0 
6d521000-6d600000 ---p 00000000 00:00 0 
6d602000-6d604000 rw-p 00000000 00:00 0 
6d604000-6d608000 r--s 0003c000 08:05 787115     /usr/lib/jvm/java-7-openjdk-i386/jre/lib/ext/sunpkcs11.jar
6d608000-6d609000 r--s 00002000 08:05 787110     /usr/lib/jvm/java-7-openjdk-i386/jre/lib/ext/dnsns.jar
6d609000-6d60b000 r--s 00006000 08:05 524491     /usr/share/java/java-atk-wrapper.jar
6d60b000-6d60c000 ---p 00000000 00:00 0 
6d60c000-6d694000 rw-p 00000000 00:00 0          [stack:16220]
6d694000-6d6cc000 rw-p 00000000 00:00 0 
6d6cc000-6d6e1000 rw-p 00000000 00:00 0 
6d6e1000-6d814000 rw-p 00000000 00:00 0 
6d814000-6d81c000 rw-p 00000000 00:00 0 
6d81c000-6d854000 rw-p 00000000 00:00 0 
6d854000-6d869000 rw-p 00000000 00:00 0 
6d869000-6d99b000 rw-p 00000000 00:00 0 
6d99b000-6d9a6000 rw-p 00000000 00:00 0 
6d9a6000-6da3f000 rw-p 00000000 00:00 0 
6da3f000-6ea40000 rw-p 00000000 00:00 0 
6ea40000-75a40000 rw-p 00000000 00:00 0 
75a40000-78300000 rw-p 00000000 00:00 0 
78300000-9e8c0000 rw-p 00000000 00:00 0 
9e8c0000-9fd40000 rw-p 00000000 00:00 0 
9fd40000-b3040000 rw-p 00000000 00:00 0 
b3040000-b3049000 rw-p 00000000 00:00 0 
b3049000-b3100000 rw-p 00000000 00:00 0 
b3100000-b3340000 rwxp 00000000 00:00 0 
b3340000-b6100000 rw-p 00000000 00:00 0 
b6100000-b6300000 r--p 00000000 08:05 267365     /usr/lib/locale/locale-archive
b6300000-b63f9000 rw-p 00000000 00:00 0 
b63f9000-b6400000 ---p 00000000 00:00 0 
b6400000-b6403000 r--s 00086000 08:05 787111     /usr/lib/jvm/java-7-openjdk-i386/jre/lib/ext/localedata.jar
b6403000-b6405000 r--s 00012000 08:05 787113     /usr/lib/jvm/java-7-openjdk-i386/jre/lib/ext/zipfs.jar
b6405000-b6408000 r--s 0000f000 08:05 787112     /usr/lib/jvm/java-7-openjdk-i386/jre/lib/ext/icedtea-sound.jar
b6408000-b640c000 r--s 00034000 08:05 787114     /usr/lib/jvm/java-7-openjdk-i386/jre/lib/ext/sunjce_provider.jar
b640c000-b6417000 r-xp 00000000 08:05 12845374   /lib/i386-linux-gnu/libnss_files-2.19.so
b6417000-b6418000 r--p 0000a000 08:05 12845374   /lib/i386-linux-gnu/libnss_files-2.19.so
b6418000-b6419000 rw-p 0000b000 08:05 12845374   /lib/i386-linux-gnu/libnss_files-2.19.so
b6419000-b6423000 r-xp 00000000 08:05 12845162   /lib/i386-linux-gnu/libnss_nis-2.19.so
b6423000-b6424000 r--p 00009000 08:05 12845162   /lib/i386-linux-gnu/libnss_nis-2.19.so
b6424000-b6425000 rw-p 0000a000 08:05 12845162   /lib/i386-linux-gnu/libnss_nis-2.19.so
b6425000-b643a000 r-xp 00000000 08:05 12845163   /lib/i386-linux-gnu/libnsl-2.19.so
b643a000-b643b000 r--p 00015000 08:05 12845163   /lib/i386-linux-gnu/libnsl-2.19.so
b643b000-b643c000 rw-p 00016000 08:05 12845163   /lib/i386-linux-gnu/libnsl-2.19.so
b643c000-b643e000 rw-p 00000000 00:00 0 
b643e000-b6445000 r-xp 00000000 08:05 12845366   /lib/i386-linux-gnu/libnss_compat-2.19.so
b6445000-b6446000 r--p 00006000 08:05 12845366   /lib/i386-linux-gnu/libnss_compat-2.19.so
b6446000-b6447000 rw-p 00007000 08:05 12845366   /lib/i386-linux-gnu/libnss_compat-2.19.so
b6447000-b644b000 r-xp 00000000 08:05 786856     /usr/lib/jvm/java-7-openjdk-i386/jre/lib/i386/libdt_socket.so
b644b000-b644c000 r--p 00003000 08:05 786856     /usr/lib/jvm/java-7-openjdk-i386/jre/lib/i386/libdt_socket.so
b644c000-b644d000 rw-p 00004000 08:05 786856     /usr/lib/jvm/java-7-openjdk-i386/jre/lib/i386/libdt_socket.so
b644d000-b6455000 r-xp 00000000 08:05 786883     /usr/lib/jvm/java-7-openjdk-i386/jre/lib/i386/libzip.so
b6455000-b6456000 r--p 00007000 08:05 786883     /usr/lib/jvm/java-7-openjdk-i386/jre/lib/i386/libzip.so
b6456000-b6457000 rw-p 00008000 08:05 786883     /usr/lib/jvm/java-7-openjdk-i386/jre/lib/i386/libzip.so
b6457000-b645f000 rw-s 00000000 08:05 29360673   /tmp/hsperfdata_prem/16213
b645f000-b649d000 r-xp 00000000 08:05 786868     /usr/lib/jvm/java-7-openjdk-i386/jre/lib/i386/libjdwp.so
b649d000-b649e000 r--p 0003d000 08:05 786868     /usr/lib/jvm/java-7-openjdk-i386/jre/lib/i386/libjdwp.so
b649e000-b649f000 rw-p 0003e000 08:05 786868     /usr/lib/jvm/java-7-openjdk-i386/jre/lib/i386/libjdwp.so
b649f000-b64c6000 r-xp 00000000 08:05 786829     /usr/lib/jvm/java-7-openjdk-i386/jre/lib/i386/libjava.so
b64c6000-b64c7000 r--p 00026000 08:05 786829     /usr/lib/jvm/java-7-openjdk-i386/jre/lib/i386/libjava.so
b64c7000-b64c8000 rw-p 00027000 08:05 786829     /usr/lib/jvm/java-7-openjdk-i386/jre/lib/i386/libjava.so
b64c8000-b64cf000 r-xp 00000000 08:05 12849429   /lib/i386-linux-gnu/librt-2.19.so
b64cf000-b64d0000 r--p 00006000 08:05 12849429   /lib/i386-linux-gnu/librt-2.19.so
b64d0000-b64d1000 rw-p 00007000 08:05 12849429   /lib/i386-linux-gnu/librt-2.19.so
b64d1000-b64d4000 ---p 00000000 00:00 0 
b64d4000-b6522000 rw-p 00000000 00:00 0          [stack:16219]
b6522000-b653e000 r-xp 00000000 08:05 12845872   /lib/i386-linux-gnu/libgcc_s.so.1
b653e000-b653f000 rw-p 0001b000 08:05 12845872   /lib/i386-linux-gnu/libgcc_s.so.1
b653f000-b6583000 r-xp 00000000 08:05 12845365   /lib/i386-linux-gnu/libm-2.19.so
b6583000-b6584000 r--p 00043000 08:05 12845365   /lib/i386-linux-gnu/libm-2.19.so
b6584000-b6585000 rw-p 00044000 08:05 12845365   /lib/i386-linux-gnu/libm-2.19.so
b6585000-b6661000 r-xp 00000000 08:05 267441     /usr/lib/i386-linux-gnu/libstdc++.so.6.0.19
b6661000-b6662000 ---p 000dc000 08:05 267441     /usr/lib/i386-linux-gnu/libstdc++.so.6.0.19
b6662000-b6666000 r--p 000dc000 08:05 267441     /usr/lib/i386-linux-gnu/libstdc++.so.6.0.19
b6666000-b6667000 rw-p 000e0000 08:05 267441     /usr/lib/i386-linux-gnu/libstdc++.so.6.0.19
b6667000-b666e000 rw-p 00000000 00:00 0 
b666e000-b705c000 r-xp 00000000 08:05 786933     /usr/lib/jvm/java-7-openjdk-i386/jre/lib/i386/server/libjvm.so
b705c000-b70ae000 r--p 009ed000 08:05 786933     /usr/lib/jvm/java-7-openjdk-i386/jre/lib/i386/server/libjvm.so
b70ae000-b70c2000 rw-p 00a3f000 08:05 786933     /usr/lib/jvm/java-7-openjdk-i386/jre/lib/i386/server/libjvm.so
b70c2000-b74df000 rw-p 00000000 00:00 0 
b74df000-b74f7000 r-xp 00000000 08:05 12845870   /lib/i386-linux-gnu/libz.so.1.2.8
b74f7000-b74f8000 r--p 00017000 08:05 12845870   /lib/i386-linux-gnu/libz.so.1.2.8
b74f8000-b74f9000 rw-p 00018000 08:05 12845870   /lib/i386-linux-gnu/libz.so.1.2.8
b74f9000-b74fa000 rw-p 00000000 00:00 0 
b74fa000-b7512000 r-xp 00000000 08:05 12845370   /lib/i386-linux-gnu/libpthread-2.19.so
b7512000-b7513000 r--p 00018000 08:05 12845370   /lib/i386-linux-gnu/libpthread-2.19.so
b7513000-b7514000 rw-p 00019000 08:05 12845370   /lib/i386-linux-gnu/libpthread-2.19.so
b7514000-b7516000 rw-p 00000000 00:00 0 
b7516000-b7519000 r-xp 00000000 08:05 12845160   /lib/i386-linux-gnu/libdl-2.19.so
b7519000-b751a000 r--p 00002000 08:05 12845160   /lib/i386-linux-gnu/libdl-2.19.so
b751a000-b751b000 rw-p 00003000 08:05 12845160   /lib/i386-linux-gnu/libdl-2.19.so
b751b000-b76c3000 r-xp 00000000 08:05 12845151   /lib/i386-linux-gnu/libc-2.19.so
b76c3000-b76c5000 r--p 001a8000 08:05 12845151   /lib/i386-linux-gnu/libc-2.19.so
b76c5000-b76c6000 rw-p 001aa000 08:05 12845151   /lib/i386-linux-gnu/libc-2.19.so
b76c6000-b76c9000 rw-p 00000000 00:00 0 
b76c9000-b76ca000 r--p 002c0000 08:05 267365     /usr/lib/locale/locale-archive
b76ca000-b76cd000 r-xp 00000000 08:05 786872     /usr/lib/jvm/java-7-openjdk-i386/jre/lib/i386/libnpt.so
b76cd000-b76ce000 r--p 00002000 08:05 786872     /usr/lib/jvm/java-7-openjdk-i386/jre/lib/i386/libnpt.so
b76ce000-b76cf000 rw-p 00003000 08:05 786872     /usr/lib/jvm/java-7-openjdk-i386/jre/lib/i386/libnpt.so
b76cf000-b76d0000 rw-p 00000000 00:00 0 
b76d0000-b76d1000 r--p 00000000 00:00 0 
b76d1000-b76df000 r-xp 00000000 08:05 786882     /usr/lib/jvm/java-7-openjdk-i386/jre/lib/i386/libverify.so
b76df000-b76e0000 r--p 0000d000 08:05 786882     /usr/lib/jvm/java-7-openjdk-i386/jre/lib/i386/libverify.so
b76e0000-b76e1000 rw-p 0000e000 08:05 786882     /usr/lib/jvm/java-7-openjdk-i386/jre/lib/i386/libverify.so
b76e1000-b76ed000 r-xp 00000000 08:05 786845     /usr/lib/jvm/java-7-openjdk-i386/jre/lib/i386/jli/libjli.so
b76ed000-b76ee000 r--p 0000c000 08:05 786845     /usr/lib/jvm/java-7-openjdk-i386/jre/lib/i386/jli/libjli.so
b76ee000-b76ef000 rw-p 0000d000 08:05 786845     /usr/lib/jvm/java-7-openjdk-i386/jre/lib/i386/jli/libjli.so
b76ef000-b76f2000 rw-p 00000000 00:00 0 
b76f2000-b76f3000 r-xp 00000000 00:00 0          [vdso]
b76f3000-b7713000 r-xp 00000000 08:05 12845161   /lib/i386-linux-gnu/ld-2.19.so
b7713000-b7714000 r--p 0001f000 08:05 12845161   /lib/i386-linux-gnu/ld-2.19.so
b7714000-b7715000 rw-p 00020000 08:05 12845161   /lib/i386-linux-gnu/ld-2.19.so
bfcb1000-bfcb2000 rwxp 00000000 00:00 0 
bfce4000-bfd05000 rw-p 00000000 00:00 0          [stack]

VM Arguments:
jvm_args: -agentlib:jdwp=transport=dt_socket,suspend=y,address=localhost:51416 -Dfile.encoding=UTF-8 
java_command: MyReceiver
Launcher Type: SUN_STANDARD

Environment Variables:
PATH=/usr/local/sbin:/usr/local/bin:/usr/sbin:/usr/bin:/sbin:/bin:/usr/games:/usr/local/games
LD_LIBRARY_PATH=/usr/lib/jvm/java-7-openjdk-i386/jre/lib/i386/server:/usr/lib/jvm/java-7-openjdk-i386/jre/lib/i386:/usr/lib/jvm/java-7-openjdk-i386/jre/../lib/i386:/usr/lib/jvm/java-7-openjdk-i386/jre/lib/i386/client:/usr/lib/jvm/java-7-openjdk-i386/jre/lib/i386:
SHELL=/bin/bash
DISPLAY=:0

Signal Handlers:
SIGSEGV: [libjvm.so+0x80c740], sa_mask[0]=0x7ffbfeff, sa_flags=0x10000004
SIGBUS: [libjvm.so+0x80c740], sa_mask[0]=0x7ffbfeff, sa_flags=0x10000004
SIGFPE: [libjvm.so+0x6847c0], sa_mask[0]=0x7ffbfeff, sa_flags=0x10000004
SIGPIPE: [libjvm.so+0x6847c0], sa_mask[0]=0x7ffbfeff, sa_flags=0x10000004
SIGXFSZ: [libjvm.so+0x6847c0], sa_mask[0]=0x7ffbfeff, sa_flags=0x10000004
SIGILL: [libjvm.so+0x6847c0], sa_mask[0]=0x7ffbfeff, sa_flags=0x10000004
SIGUSR1: SIG_DFL, sa_mask[0]=0x00000000, sa_flags=0x00000000
SIGUSR2: [libjvm.so+0x684650], sa_mask[0]=0x00000004, sa_flags=0x10000004
SIGHUP: [libjvm.so+0x684880], sa_mask[0]=0x7ffbfeff, sa_flags=0x10000004
SIGINT: [libjvm.so+0x684880], sa_mask[0]=0x7ffbfeff, sa_flags=0x10000004
SIGTERM: [libjvm.so+0x684880], sa_mask[0]=0x7ffbfeff, sa_flags=0x10000004
SIGQUIT: [libjvm.so+0x684880], sa_mask[0]=0x7ffbfeff, sa_flags=0x10000004
SIGTRAP: SIG_DFL, sa_mask[0]=0x00000000, sa_flags=0x00000000


---------------  S Y S T E M  ---------------

OS:Ubuntu 14.04 (trusty)
uname:Linux 3.13.0-47-generic #78-Ubuntu SMP Tue Mar 3 17:35:51 UTC 2015 i686
libc:glibc 2.19 NPTL 2.19 
rlimit: STACK 8192k, CORE 0k, NPROC 31211, NOFILE 4096, AS infinity
load average:0.96 0.42 0.36

/proc/meminfo:
MemTotal:        4014320 kB
MemFree:          696964 kB
Buffers:          104828 kB
Cached:           933616 kB
SwapCached:         1488 kB
Active:          2127404 kB
Inactive:         980416 kB
Active(anon):    1681952 kB
Inactive(anon):   425940 kB
Active(file):     445452 kB
Inactive(file):   554476 kB
Unevictable:        1024 kB
Mlocked:            1024 kB
HighTotal:       3161976 kB
HighFree:         442400 kB
LowTotal:         852344 kB
LowFree:          254564 kB
SwapTotal:       4072444 kB
SwapFree:        4067100 kB
Dirty:                72 kB
Writeback:             0 kB
AnonPages:       2068960 kB
Mapped:           261036 kB
Shmem:             38516 kB
Slab:              89280 kB
SReclaimable:      63448 kB
SUnreclaim:        25832 kB
KernelStack:        5360 kB
PageTables:        21156 kB
NFS_Unstable:          0 kB
Bounce:                0 kB
WritebackTmp:          0 kB
CommitLimit:     6079604 kB
Committed_AS:    6983572 kB
VmallocTotal:     122880 kB
VmallocUsed:       62808 kB
VmallocChunk:      50648 kB
HardwareCorrupted:     0 kB
AnonHugePages:    839680 kB
HugePages_Total:       0
HugePages_Free:        0
HugePages_Rsvd:        0
HugePages_Surp:        0
Hugepagesize:       2048 kB
DirectMap4k:      260088 kB
DirectMap2M:      653312 kB


CPU:total 4 (2 cores per cpu, 2 threads per core) family 6 model 69 stepping 1, cmov, cx8, fxsr, mmx, sse, sse2, sse3, ssse3, sse4.1, sse4.2, popcnt, avx, avx2, aes, erms, ht, tsc, tscinvbit

/proc/cpuinfo:
processor	: 0
vendor_id	: GenuineIntel
cpu family	: 6
model		: 69
model name	: Intel(R) Core(TM) i5-4200U CPU @ 1.60GHz
stepping	: 1
microcode	: 0x10
cpu MHz		: 1600.000
cache size	: 3072 KB
physical id	: 0
siblings	: 4
core id		: 0
cpu cores	: 2
apicid		: 0
initial apicid	: 0
fdiv_bug	: no
f00f_bug	: no
coma_bug	: no
fpu		: yes
fpu_exception	: yes
cpuid level	: 13
wp		: yes
flags		: fpu vme de pse tsc msr pae mce cx8 apic sep mtrr pge mca cmov pat pse36 clflush dts acpi mmx fxsr sse sse2 ss ht tm pbe nx pdpe1gb rdtscp lm constant_tsc arch_perfmon pebs bts xtopology nonstop_tsc aperfmperf eagerfpu pni pclmulqdq dtes64 monitor ds_cpl vmx est tm2 ssse3 fma cx16 xtpr pdcm pcid sse4_1 sse4_2 movbe popcnt tsc_deadline_timer aes xsave avx f16c rdrand lahf_lm abm ida arat epb xsaveopt pln pts dtherm tpr_shadow vnmi flexpriority ept vpid fsgsbase tsc_adjust bmi1 avx2 smep bmi2 erms invpcid
bogomips	: 4589.43
clflush size	: 64
cache_alignment	: 64
address sizes	: 39 bits physical, 48 bits virtual
power management:

processor	: 1
vendor_id	: GenuineIntel
cpu family	: 6
model		: 69
model name	: Intel(R) Core(TM) i5-4200U CPU @ 1.60GHz
stepping	: 1
microcode	: 0x10
cpu MHz		: 759.000
cache size	: 3072 KB
physical id	: 0
siblings	: 4
core id		: 1
cpu cores	: 2
apicid		: 2
initial apicid	: 2
fdiv_bug	: no
f00f_bug	: no
coma_bug	: no
fpu		: yes
fpu_exception	: yes
cpuid level	: 13
wp		: yes
flags		: fpu vme de pse tsc msr pae mce cx8 apic sep mtrr pge mca cmov pat pse36 clflush dts acpi mmx fxsr sse sse2 ss ht tm pbe nx pdpe1gb rdtscp lm constant_tsc arch_perfmon pebs bts xtopology nonstop_tsc aperfmperf eagerfpu pni pclmulqdq dtes64 monitor ds_cpl vmx est tm2 ssse3 fma cx16 xtpr pdcm pcid sse4_1 sse4_2 movbe popcnt tsc_deadline_timer aes xsave avx f16c rdrand lahf_lm abm ida arat epb xsaveopt pln pts dtherm tpr_shadow vnmi flexpriority ept vpid fsgsbase tsc_adjust bmi1 avx2 smep bmi2 erms invpcid
bogomips	: 4589.43
clflush size	: 64
cache_alignment	: 64
address sizes	: 39 bits physical, 48 bits virtual
power management:

processor	: 2
vendor_id	: GenuineIntel
cpu family	: 6
model		: 69
model name	: Intel(R) Core(TM) i5-4200U CPU @ 1.60GHz
stepping	: 1
microcode	: 0x10
cpu MHz		: 1600.000
cache size	: 3072 KB
physical id	: 0
siblings	: 4
core id		: 0
cpu cores	: 2
apicid		: 1
initial apicid	: 1
fdiv_bug	: no
f00f_bug	: no
coma_bug	: no
fpu		: yes
fpu_exception	: yes
cpuid level	: 13
wp		: yes
flags		: fpu vme de pse tsc msr pae mce cx8 apic sep mtrr pge mca cmov pat pse36 clflush dts acpi mmx fxsr sse sse2 ss ht tm pbe nx pdpe1gb rdtscp lm constant_tsc arch_perfmon pebs bts xtopology nonstop_tsc aperfmperf eagerfpu pni pclmulqdq dtes64 monitor ds_cpl vmx est tm2 ssse3 fma cx16 xtpr pdcm pcid sse4_1 sse4_2 movbe popcnt tsc_deadline_timer aes xsave avx f16c rdrand lahf_lm abm ida arat epb xsaveopt pln pts dtherm tpr_shadow vnmi flexpriority ept vpid fsgsbase tsc_adjust bmi1 avx2 smep bmi2 erms invpcid
bogomips	: 4589.43
clflush size	: 64
cache_alignment	: 64
address sizes	: 39 bits physical, 48 bits virtual
power management:

processor	: 3
vendor_id	: GenuineIntel
cpu family	: 6
model		: 69
model name	: Intel(R) Core(TM) i5-4200U CPU @ 1.60GHz
stepping	: 1
microcode	: 0x10
cpu MHz		: 1600.000
cache size	: 3072 KB
physical id	: 0
siblings	: 4
core id		: 1
cpu cores	: 2
apicid		: 3
initial apicid	: 3
fdiv_bug	: no
f00f_bug	: no
coma_bug	: no
fpu		: yes
fpu_exception	: yes
cpuid level	: 13
wp		: yes
flags		: fpu vme de pse tsc msr pae mce cx8 apic sep mtrr pge mca cmov pat pse36 clflush dts acpi mmx fxsr sse sse2 ss ht tm pbe nx pdpe1gb rdtscp lm constant_tsc arch_perfmon pebs bts xtopology nonstop_tsc aperfmperf eagerfpu pni pclmulqdq dtes64 monitor ds_cpl vmx est tm2 ssse3 fma cx16 xtpr pdcm pcid sse4_1 sse4_2 movbe popcnt tsc_deadline_timer aes xsave avx f16c rdrand lahf_lm abm ida arat epb xsaveopt pln pts dtherm tpr_shadow vnmi flexpriority ept vpid fsgsbase tsc_adjust bmi1 avx2 smep bmi2 erms invpcid
bogomips	: 4589.43
clflush size	: 64
cache_alignment	: 64
address sizes	: 39 bits physical, 48 bits virtual
power management:



Memory: 4k page, physical 4014320k(696964k free), swap 4072444k(4067100k free)

vm_info: OpenJDK Server VM (24.75-b04) for linux-x86 JRE (1.7.0_75-b13), built on Jan 27 2015 00:41:34 by "buildd" with gcc 4.8.2

time: Sat Mar 14 01:47:55 2015
elapsed time: 65 seconds

